2025-09-23 21:10:06,631 | INFO | ==== REFS ENS pull start :: 20250923 t00z f000-036 (combine=True) ====
2025-09-23 21:10:06,791 | INFO | 20250923 t00z f000 m001 using index -> https://noaa-rrfs-pds.s3.amazonaws.com/rrfs_a/refs.20250923/00/m001/rrfs.t00z.m001.prslev.3km.f000.conus.grib2.idx
2025-09-23 21:10:07,019 | INFO |   m001 GET https://noaa-rrfs-pds.s3.amazonaws.com/rrfs_a/refs.20250923/00/m001/rrfs.t00z.m001.prslev.3km.f000.conus.grib2 bytes=32038924-32593378 :: d=2025092300:REFC:entire atmosphere (considered as a single layer):anl:ENS=+1
2025-09-23 21:10:07,257 | INFO |   m001 GET https://noaa-rrfs-pds.s3.amazonaws.com/rrfs_a/refs.20250923/00/m001/rrfs.t00z.m001.prslev.3km.f000.conus.grib2 bytes=641791040-642955695 :: d=2025092300:UGRD:10 m above ground:anl:ENS=+1
2025-09-23 21:10:07,838 | INFO |   m001 GET https://noaa-rrfs-pds.s3.amazonaws.com/rrfs_a/refs.20250923/00/m001/rrfs.t00z.m001.prslev.3km.f000.conus.grib2 bytes=642955696-644075363 :: d=2025092300:VGRD:10 m above ground:anl:ENS=+1
2025-09-23 21:10:08,178 | INFO | 20250923 t00z f000 m002 using index -> https://noaa-rrfs-pds.s3.amazonaws.com/rrfs_a/refs.20250923/00/m002/rrfs.t00z.m002.prslev.3km.f000.conus.grib2.idx
2025-09-23 21:10:08,355 | INFO |   m002 GET https://noaa-rrfs-pds.s3.amazonaws.com/rrfs_a/refs.20250923/00/m002/rrfs.t00z.m002.prslev.3km.f000.conus.grib2 bytes=36984641-37812186 :: d=2025092300:REFC:entire atmosphere (considered as a single layer):anl:ENS=+2
2025-09-23 21:10:08,657 | INFO |   m002 GET https://noaa-rrfs-pds.s3.amazonaws.com/rrfs_a/refs.20250923/00/m002/rrfs.t00z.m002.prslev.3km.f000.conus.grib2 bytes=687114477-689053293 :: d=2025092300:UGRD:10 m above ground:anl:ENS=+2
2025-09-23 21:10:08,989 | INFO |   m002 GET https://noaa-rrfs-pds.s3.amazonaws.com/rrfs_a/refs.20250923/00/m002/rrfs.t00z.m002.prslev.3km.f000.conus.grib2 bytes=689053294-690945499 :: d=2025092300:VGRD:10 m above ground:anl:ENS=+2
2025-09-23 21:10:09,256 | INFO | 20250923 t00z f000 m003 using index -> https://noaa-rrfs-pds.s3.amazonaws.com/rrfs_a/refs.20250923/00/m003/rrfs.t00z.m003.prslev.3km.f000.conus.grib2.idx
2025-09-23 21:10:09,512 | INFO |   m003 GET https://noaa-rrfs-pds.s3.amazonaws.com/rrfs_a/refs.20250923/00/m003/rrfs.t00z.m003.prslev.3km.f000.conus.grib2 bytes=34075253-34448277 :: d=2025092300:REFC:entire atmosphere (considered as a single layer):anl:ENS=+3
2025-09-23 21:10:09,849 | INFO |   m003 GET https://noaa-rrfs-pds.s3.amazonaws.com/rrfs_a/refs.20250923/00/m003/rrfs.t00z.m003.prslev.3km.f000.conus.grib2 bytes=653477931-655416692 :: d=2025092300:UGRD:10 m above ground:anl:ENS=+3
2025-09-23 21:10:10,205 | INFO |   m003 GET https://noaa-rrfs-pds.s3.amazonaws.com/rrfs_a/refs.20250923/00/m003/rrfs.t00z.m003.prslev.3km.f000.conus.grib2 bytes=655416693-657310386 :: d=2025092300:VGRD:10 m above ground:anl:ENS=+3
2025-09-23 21:10:10,519 | INFO | 20250923 t00z f000 m004 using index -> https://noaa-rrfs-pds.s3.amazonaws.com/rrfs_a/refs.20250923/00/m004/rrfs.t00z.m004.prslev.3km.f000.conus.grib2.idx
2025-09-23 21:10:10,683 | INFO |   m004 GET https://noaa-rrfs-pds.s3.amazonaws.com/rrfs_a/refs.20250923/00/m004/rrfs.t00z.m004.prslev.3km.f000.conus.grib2 bytes=35035982-35442031 :: d=2025092300:REFC:entire atmosphere (considered as a single layer):anl:ENS=+4
2025-09-23 21:10:10,999 | INFO |   m004 GET https://noaa-rrfs-pds.s3.amazonaws.com/rrfs_a/refs.20250923/00/m004/rrfs.t00z.m004.prslev.3km.f000.conus.grib2 bytes=662239607-664178808 :: d=2025092300:UGRD:10 m above ground:anl:ENS=+4
2025-09-23 21:10:11,375 | INFO |   m004 GET https://noaa-rrfs-pds.s3.amazonaws.com/rrfs_a/refs.20250923/00/m004/rrfs.t00z.m004.prslev.3km.f000.conus.grib2 bytes=664178809-666070091 :: d=2025092300:VGRD:10 m above ground:anl:ENS=+4
2025-09-23 21:10:11,785 | INFO | 20250923 t00z f000 m005 using index -> https://noaa-rrfs-pds.s3.amazonaws.com/rrfs_a/refs.20250923/00/m005/rrfs.t00z.m005.prslev.3km.f000.conus.grib2.idx
2025-09-23 21:10:11,978 | INFO |   m005 GET https://noaa-rrfs-pds.s3.amazonaws.com/rrfs_a/refs.20250923/00/m005/rrfs.t00z.m005.prslev.3km.f000.conus.grib2 bytes=37058664-37759873 :: d=2025092300:REFC:entire atmosphere (considered as a single layer):anl:ENS=+5
2025-09-23 21:10:12,419 | INFO |   m005 GET https://noaa-rrfs-pds.s3.amazonaws.com/rrfs_a/refs.20250923/00/m005/rrfs.t00z.m005.prslev.3km.f000.conus.grib2 bytes=661363534-663300095 :: d=2025092300:UGRD:10 m above ground:anl:ENS=+5
2025-09-23 21:10:12,742 | INFO |   m005 GET https://noaa-rrfs-pds.s3.amazonaws.com/rrfs_a/refs.20250923/00/m005/rrfs.t00z.m005.prslev.3km.f000.conus.grib2 bytes=663300096-665193606 :: d=2025092300:VGRD:10 m above ground:anl:ENS=+5
2025-09-23 21:10:13,005 | INFO | 20250923 t00z f000 combined ENS file (5/5 members) Size=19.5 MB
2025-09-23 21:10:13,068 | INFO | 20250923 t00z f001 m001 using index -> https://noaa-rrfs-pds.s3.amazonaws.com/rrfs_a/refs.20250923/00/m001/rrfs.t00z.m001.prslev.3km.f001.conus.grib2.idx
2025-09-23 21:10:13,263 | INFO |   m001 GET https://noaa-rrfs-pds.s3.amazonaws.com/rrfs_a/refs.20250923/00/m001/rrfs.t00z.m001.prslev.3km.f001.conus.grib2 bytes=34146039-34971174 :: d=2025092300:REFC:entire atmosphere (considered as a single layer):1 hour fcst:ENS=+1
2025-09-23 21:10:13,538 | INFO |   m001 GET https://noaa-rrfs-pds.s3.amazonaws.com/rrfs_a/refs.20250923/00/m001/rrfs.t00z.m001.prslev.3km.f001.conus.grib2 bytes=658165315-660089626 :: d=2025092300:UGRD:10 m above ground:1 hour fcst:ENS=+1
2025-09-23 21:10:13,884 | INFO |   m001 GET https://noaa-rrfs-pds.s3.amazonaws.com/rrfs_a/refs.20250923/00/m001/rrfs.t00z.m001.prslev.3km.f001.conus.grib2 bytes=660089627-661961391 :: d=2025092300:VGRD:10 m above ground:1 hour fcst:ENS=+1
2025-09-23 21:10:14,147 | INFO | 20250923 t00z f001 m002 using index -> https://noaa-rrfs-pds.s3.amazonaws.com/rrfs_a/refs.20250923/00/m002/rrfs.t00z.m002.prslev.3km.f001.conus.grib2.idx
2025-09-23 21:10:14,343 | INFO |   m002 GET https://noaa-rrfs-pds.s3.amazonaws.com/rrfs_a/refs.20250923/00/m002/rrfs.t00z.m002.prslev.3km.f001.conus.grib2 bytes=37468617-38339475 :: d=2025092300:REFC:entire atmosphere (considered as a single layer):1 hour fcst:ENS=+2
2025-09-23 21:10:14,614 | INFO |   m002 GET https://noaa-rrfs-pds.s3.amazonaws.com/rrfs_a/refs.20250923/00/m002/rrfs.t00z.m002.prslev.3km.f001.conus.grib2 bytes=702654587-704561194 :: d=2025092300:UGRD:10 m above ground:1 hour fcst:ENS=+2
2025-09-23 21:10:15,086 | INFO |   m002 GET https://noaa-rrfs-pds.s3.amazonaws.com/rrfs_a/refs.20250923/00/m002/rrfs.t00z.m002.prslev.3km.f001.conus.grib2 bytes=704561195-706428996 :: d=2025092300:VGRD:10 m above ground:1 hour fcst:ENS=+2
2025-09-23 21:10:15,492 | INFO | 20250923 t00z f001 m003 using index -> https://noaa-rrfs-pds.s3.amazonaws.com/rrfs_a/refs.20250923/00/m003/rrfs.t00z.m003.prslev.3km.f001.conus.grib2.idx
2025-09-23 21:10:15,697 | INFO |   m003 GET https://noaa-rrfs-pds.s3.amazonaws.com/rrfs_a/refs.20250923/00/m003/rrfs.t00z.m003.prslev.3km.f001.conus.grib2 bytes=36841395-37352267 :: d=2025092300:REFC:entire atmosphere (considered as a single layer):1 hour fcst:ENS=+3
2025-09-23 21:10:15,922 | INFO |   m003 GET https://noaa-rrfs-pds.s3.amazonaws.com/rrfs_a/refs.20250923/00/m003/rrfs.t00z.m003.prslev.3km.f001.conus.grib2 bytes=687609647-689525911 :: d=2025092300:UGRD:10 m above ground:1 hour fcst:ENS=+3
