2025-11-10 15:51:07,608 | INFO | ==== REFS pull start :: 20251110 t18z ====
2025-11-10 15:51:07,774 | INFO | ==== REFS pull :: 20251110 t18z f001-048 ====
2025-11-10 15:51:07,952 | INFO | 20251110 t18z f001 using index -> https://noaa-rrfs-pds.s3.amazonaws.com/rrfs_a/refs.20251110/18/enspost_timelag/refs.t18z.conus.prob.f01.grib2.idx
2025-11-10 15:51:08,242 | INFO | 20251110 t18z f002 using index -> https://noaa-rrfs-pds.s3.amazonaws.com/rrfs_a/refs.20251110/18/enspost_timelag/refs.t18z.conus.prob.f02.grib2.idx
2025-11-10 15:51:08,585 | INFO | 20251110 t18z f003 using index -> https://noaa-rrfs-pds.s3.amazonaws.com/rrfs_a/refs.20251110/18/enspost_timelag/refs.t18z.conus.prob.f03.grib2.idx
2025-11-10 15:51:08,600 | INFO |  GET https://noaa-rrfs-pds.s3.amazonaws.com/rrfs_a/refs.20251110/18/enspost_timelag/refs.t18z.conus.prob.f01.grib2 bytes=3991148-4190413 :: d=2025111018:TMP:2 m above ground:1 hour fcst:prob <273.15:prob fcst 0/14
2025-11-10 15:51:08,712 | INFO | 20251110 t18z f004 using index -> https://noaa-rrfs-pds.s3.amazonaws.com/rrfs_a/refs.20251110/18/enspost_timelag/refs.t18z.conus.prob.f04.grib2.idx
2025-11-10 15:51:08,713 | INFO |  GET https://noaa-rrfs-pds.s3.amazonaws.com/rrfs_a/refs.20251110/18/enspost_timelag/refs.t18z.conus.prob.f02.grib2 bytes=3914385-4102683 :: d=2025111018:TMP:2 m above ground:2 hour fcst:prob <273.15:prob fcst 0/14
2025-11-10 15:51:08,767 | INFO |  GET https://noaa-rrfs-pds.s3.amazonaws.com/rrfs_a/refs.20251110/18/enspost_timelag/refs.t18z.conus.prob.f03.grib2 bytes=2652172-2826354 :: d=2025111018:TMP:2 m above ground:3 hour fcst:prob <273.15:prob fcst 0/14
2025-11-10 15:51:08,828 | INFO |  GET https://noaa-rrfs-pds.s3.amazonaws.com/rrfs_a/refs.20251110/18/enspost_timelag/refs.t18z.conus.prob.f01.grib2 bytes=7784335-7852615 :: d=2025111018:APCP:surface:0-1 hour acc fcst:prob >12.7:prob fcst 0/14:Neighborhood Probability
2025-11-10 15:51:08,847 | INFO | 20251110 t18z f005 using index -> https://noaa-rrfs-pds.s3.amazonaws.com/rrfs_a/refs.20251110/18/enspost_timelag/refs.t18z.conus.prob.f05.grib2.idx
2025-11-10 15:51:08,932 | INFO |  GET https://noaa-rrfs-pds.s3.amazonaws.com/rrfs_a/refs.20251110/18/enspost_timelag/refs.t18z.conus.prob.f01.grib2 bytes=7852616-7891145 :: d=2025111018:APCP:surface:0-1 hour acc fcst:prob >25.4:prob fcst 0/14:Neighborhood Probability
2025-11-10 15:51:08,944 | INFO |  GET https://noaa-rrfs-pds.s3.amazonaws.com/rrfs_a/refs.20251110/18/enspost_timelag/refs.t18z.conus.prob.f04.grib2 bytes=3746204-3913196 :: d=2025111018:TMP:2 m above ground:4 hour fcst:prob <273.15:prob fcst 0/14
2025-11-10 15:51:08,961 | INFO | 20251110 t18z f006 using index -> https://noaa-rrfs-pds.s3.amazonaws.com/rrfs_a/refs.20251110/18/enspost_timelag/refs.t18z.conus.prob.f06.grib2.idx
2025-11-10 15:51:08,961 | INFO |  GET https://noaa-rrfs-pds.s3.amazonaws.com/rrfs_a/refs.20251110/18/enspost_timelag/refs.t18z.conus.prob.f02.grib2 bytes=7620574-7690328 :: d=2025111018:APCP:surface:1-2 hour acc fcst:prob >12.7:prob fcst 0/14:Neighborhood Probability
2025-11-10 15:51:08,980 | INFO |  GET https://noaa-rrfs-pds.s3.amazonaws.com/rrfs_a/refs.20251110/18/enspost_timelag/refs.t18z.conus.prob.f03.grib2 bytes=6282014-6347316 :: d=2025111018:APCP:surface:2-3 hour acc fcst:prob >12.7:prob fcst 0/14:Neighborhood Probability
2025-11-10 15:51:09,034 | INFO |  GET https://noaa-rrfs-pds.s3.amazonaws.com/rrfs_a/refs.20251110/18/enspost_timelag/refs.t18z.conus.prob.f01.grib2 bytes=7891146-7895683 :: d=2025111018:APCP:surface:0-1 hour acc fcst:prob >50.8:prob fcst 0/14:Neighborhood Probability
2025-11-10 15:51:09,098 | INFO |  GET https://noaa-rrfs-pds.s3.amazonaws.com/rrfs_a/refs.20251110/18/enspost_timelag/refs.t18z.conus.prob.f04.grib2 bytes=7333051-7393053 :: d=2025111018:APCP:surface:3-4 hour acc fcst:prob >12.7:prob fcst 0/14:Neighborhood Probability
2025-11-10 15:51:09,154 | INFO |  GET https://noaa-rrfs-pds.s3.amazonaws.com/rrfs_a/refs.20251110/18/enspost_timelag/refs.t18z.conus.prob.f05.grib2 bytes=3650772-3826597 :: d=2025111018:TMP:2 m above ground:5 hour fcst:prob <273.15:prob fcst 0/14
2025-11-10 15:51:09,179 | INFO |  GET https://noaa-rrfs-pds.s3.amazonaws.com/rrfs_a/refs.20251110/18/enspost_timelag/refs.t18z.conus.prob.f02.grib2 bytes=7690329-7728555 :: d=2025111018:APCP:surface:1-2 hour acc fcst:prob >25.4:prob fcst 0/14:Neighborhood Probability
2025-11-10 15:51:09,199 | INFO | 20251110 t18z f007 using index -> https://noaa-rrfs-pds.s3.amazonaws.com/rrfs_a/refs.20251110/18/enspost_timelag/refs.t18z.conus.prob.f07.grib2.idx
2025-11-10 15:51:09,219 | INFO |  GET https://noaa-rrfs-pds.s3.amazonaws.com/rrfs_a/refs.20251110/18/enspost_timelag/refs.t18z.conus.prob.f01.grib2 bytes=7895684-7895936 :: d=2025111018:APCP:surface:0-1 hour acc fcst:prob >76.2:prob fcst 0/14:Neighborhood Probability
2025-11-10 15:51:09,223 | INFO |  GET https://noaa-rrfs-pds.s3.amazonaws.com/rrfs_a/refs.20251110/18/enspost_timelag/refs.t18z.conus.prob.f03.grib2 bytes=6347317-6382334 :: d=2025111018:APCP:surface:2-3 hour acc fcst:prob >25.4:prob fcst 0/14:Neighborhood Probability
2025-11-10 15:51:09,241 | INFO |  GET https://noaa-rrfs-pds.s3.amazonaws.com/rrfs_a/refs.20251110/18/enspost_timelag/refs.t18z.conus.prob.f04.grib2 bytes=7393054-7429547 :: d=2025111018:APCP:surface:3-4 hour acc fcst:prob >25.4:prob fcst 0/14:Neighborhood Probability
2025-11-10 15:51:09,333 | INFO |  GET https://noaa-rrfs-pds.s3.amazonaws.com/rrfs_a/refs.20251110/18/enspost_timelag/refs.t18z.conus.prob.f02.grib2 bytes=7728556-7734044 :: d=2025111018:APCP:surface:1-2 hour acc fcst:prob >50.8:prob fcst 0/14:Neighborhood Probability
2025-11-10 15:51:09,407 | INFO |  GET https://noaa-rrfs-pds.s3.amazonaws.com/rrfs_a/refs.20251110/18/enspost_timelag/refs.t18z.conus.prob.f05.grib2 bytes=7206565-7265919 :: d=2025111018:APCP:surface:4-5 hour acc fcst:prob >12.7:prob fcst 0/14:Neighborhood Probability
2025-11-10 15:51:09,435 | INFO |  GET https://noaa-rrfs-pds.s3.amazonaws.com/rrfs_a/refs.20251110/18/enspost_timelag/refs.t18z.conus.prob.f06.grib2 bytes=2521265-2706562 :: d=2025111018:TMP:2 m above ground:6 hour fcst:prob <273.15:prob fcst 0/14
2025-11-10 15:51:09,460 | INFO | 20251110 t18z f008 using index -> https://noaa-rrfs-pds.s3.amazonaws.com/rrfs_a/refs.20251110/18/enspost_timelag/refs.t18z.conus.prob.f08.grib2.idx
2025-11-10 15:51:09,523 | INFO |  GET https://noaa-rrfs-pds.s3.amazonaws.com/rrfs_a/refs.20251110/18/enspost_timelag/refs.t18z.conus.prob.f03.grib2 bytes=6382335-6387391 :: d=2025111018:APCP:surface:2-3 hour acc fcst:prob >50.8:prob fcst 0/14:Neighborhood Probability
2025-11-10 15:51:09,528 | INFO |  GET https://noaa-rrfs-pds.s3.amazonaws.com/rrfs_a/refs.20251110/18/enspost_timelag/refs.t18z.conus.prob.f01.grib2 bytes=34714075-34976395 :: d=2025111018:WIND:10 m above ground:1 hour fcst:prob >10.3:prob fcst 0/14:Neighborhood Probability
2025-11-10 15:51:09,570 | INFO |  GET https://noaa-rrfs-pds.s3.amazonaws.com/rrfs_a/refs.20251110/18/enspost_timelag/refs.t18z.conus.prob.f04.grib2 bytes=7429548-7434369 :: d=2025111018:APCP:surface:3-4 hour acc fcst:prob >50.8:prob fcst 0/14:Neighborhood Probability
2025-11-10 15:51:09,642 | INFO |  GET https://noaa-rrfs-pds.s3.amazonaws.com/rrfs_a/refs.20251110/18/enspost_timelag/refs.t18z.conus.prob.f02.grib2 bytes=7734045-7735307 :: d=2025111018:APCP:surface:1-2 hour acc fcst:prob >76.2:prob fcst 0/14:Neighborhood Probability
2025-11-10 15:51:09,819 | INFO |  GET https://noaa-rrfs-pds.s3.amazonaws.com/rrfs_a/refs.20251110/18/enspost_timelag/refs.t18z.conus.prob.f05.grib2 bytes=7265920-7298498 :: d=2025111018:APCP:surface:4-5 hour acc fcst:prob >25.4:prob fcst 0/14:Neighborhood Probability
2025-11-10 15:51:09,838 | INFO | 20251110 t18z f009 using index -> https://noaa-rrfs-pds.s3.amazonaws.com/rrfs_a/refs.20251110/18/enspost_timelag/refs.t18z.conus.prob.f09.grib2.idx
2025-11-10 15:51:09,858 | INFO |  GET https://noaa-rrfs-pds.s3.amazonaws.com/rrfs_a/refs.20251110/18/enspost_timelag/refs.t18z.conus.prob.f07.grib2 bytes=3615238-3805299 :: d=2025111018:TMP:2 m above ground:7 hour fcst:prob <273.15:prob fcst 0/14
2025-11-10 15:51:09,862 | INFO |  GET https://noaa-rrfs-pds.s3.amazonaws.com/rrfs_a/refs.20251110/18/enspost_timelag/refs.t18z.conus.prob.f03.grib2 bytes=6387392-6388039 :: d=2025111018:APCP:surface:2-3 hour acc fcst:prob >76.2:prob fcst 0/14:Neighborhood Probability
2025-11-10 15:51:09,880 | INFO |  GET https://noaa-rrfs-pds.s3.amazonaws.com/rrfs_a/refs.20251110/18/enspost_timelag/refs.t18z.conus.prob.f04.grib2 bytes=7434370-7435375 :: d=2025111018:APCP:surface:3-4 hour acc fcst:prob >76.2:prob fcst 0/14:Neighborhood Probability
2025-11-10 15:51:09,896 | INFO |  GET https://noaa-rrfs-pds.s3.amazonaws.com/rrfs_a/refs.20251110/18/enspost_timelag/refs.t18z.conus.prob.f02.grib2 bytes=33895884-34156589 :: d=2025111018:WIND:10 m above ground:2 hour fcst:prob >10.3:prob fcst 0/14:Neighborhood Probability
2025-11-10 15:51:09,924 | INFO |  GET https://noaa-rrfs-pds.s3.amazonaws.com/rrfs_a/refs.20251110/18/enspost_timelag/refs.t18z.conus.prob.f06.grib2 bytes=6078914-6132562 :: d=2025111018:APCP:surface:5-6 hour acc fcst:prob >12.7:prob fcst 0/14:Neighborhood Probability
2025-11-10 15:51:09,935 | INFO |  GET https://noaa-rrfs-pds.s3.amazonaws.com/rrfs_a/refs.20251110/18/enspost_timelag/refs.t18z.conus.prob.f05.grib2 bytes=7298499-7305522 :: d=2025111018:APCP:surface:4-5 hour acc fcst:prob >50.8:prob fcst 0/14:Neighborhood Probability
2025-11-10 15:51:09,998 | INFO |  GET https://noaa-rrfs-pds.s3.amazonaws.com/rrfs_a/refs.20251110/18/enspost_timelag/refs.t18z.conus.prob.f01.grib2 bytes=34976396-35087837 :: d=2025111018:WIND:10 m above ground:1 hour fcst:prob >15.4:prob fcst 0/14:Neighborhood Probability
2025-11-10 15:51:10,026 | INFO |  GET https://noaa-rrfs-pds.s3.amazonaws.com/rrfs_a/refs.20251110/18/enspost_timelag/refs.t18z.conus.prob.f08.grib2 bytes=3639667-3834495 :: d=2025111018:TMP:2 m above ground:8 hour fcst:prob <273.15:prob fcst 0/14
2025-11-10 15:51:10,128 | INFO | 20251110 t18z f010 using index -> https://noaa-rrfs-pds.s3.amazonaws.com/rrfs_a/refs.20251110/18/enspost_timelag/refs.t18z.conus.prob.f10.grib2.idx
2025-11-10 15:51:10,305 | INFO |  GET https://noaa-rrfs-pds.s3.amazonaws.com/rrfs_a/refs.20251110/18/enspost_timelag/refs.t18z.conus.prob.f03.grib2 bytes=6388040-6480235 :: d=2025111018:APCP:surface:0-3 hour acc fcst:prob >12.7:prob fcst 0/14:Neighborhood Probability
2025-11-10 15:51:10,347 | INFO |  GET https://noaa-rrfs-pds.s3.amazonaws.com/rrfs_a/refs.20251110/18/enspost_timelag/refs.t18z.conus.prob.f09.grib2 bytes=2525242-2725089 :: d=2025111018:TMP:2 m above ground:9 hour fcst:prob <273.15:prob fcst 0/14
2025-11-10 15:51:10,360 | INFO |  GET https://noaa-rrfs-pds.s3.amazonaws.com/rrfs_a/refs.20251110/18/enspost_timelag/refs.t18z.conus.prob.f04.grib2 bytes=32587853-32841186 :: d=2025111018:WIND:10 m above ground:4 hour fcst:prob >10.3:prob fcst 0/14:Neighborhood Probability
2025-11-10 15:51:10,364 | INFO |  GET https://noaa-rrfs-pds.s3.amazonaws.com/rrfs_a/refs.20251110/18/enspost_timelag/refs.t18z.conus.prob.f05.grib2 bytes=7305523-7307548 :: d=2025111018:APCP:surface:4-5 hour acc fcst:prob >76.2:prob fcst 0/14:Neighborhood Probability
2025-11-10 15:51:10,368 | INFO |  GET https://noaa-rrfs-pds.s3.amazonaws.com/rrfs_a/refs.20251110/18/enspost_timelag/refs.t18z.conus.prob.f07.grib2 bytes=7152486-7206298 :: d=2025111018:APCP:surface:6-7 hour acc fcst:prob >12.7:prob fcst 0/14:Neighborhood Probability
2025-11-10 15:51:10,382 | INFO |  GET https://noaa-rrfs-pds.s3.amazonaws.com/rrfs_a/refs.20251110/18/enspost_timelag/refs.t18z.conus.prob.f06.grib2 bytes=6132563-6164574 :: d=2025111018:APCP:surface:5-6 hour acc fcst:prob >25.4:prob fcst 0/14:Neighborhood Probability
2025-11-10 15:51:10,409 | INFO |  GET https://noaa-rrfs-pds.s3.amazonaws.com/rrfs_a/refs.20251110/18/enspost_timelag/refs.t18z.conus.prob.f01.grib2 bytes=35087838-35134151 :: d=2025111018:WIND:10 m above ground:1 hour fcst:prob >18.01:prob fcst 0/14:Neighborhood Probability
2025-11-10 15:51:10,442 | INFO |  GET https://noaa-rrfs-pds.s3.amazonaws.com/rrfs_a/refs.20251110/18/enspost_timelag/refs.t18z.conus.prob.f03.grib2 bytes=6480236-6540007 :: d=2025111018:APCP:surface:0-3 hour acc fcst:prob >25.4:prob fcst 0/14:Neighborhood Probability
2025-11-10 15:51:10,558 | INFO |  GET https://noaa-rrfs-pds.s3.amazonaws.com/rrfs_a/refs.20251110/18/enspost_timelag/refs.t18z.conus.prob.f02.grib2 bytes=34156590-34259097 :: d=2025111018:WIND:10 m above ground:2 hour fcst:prob >15.4:prob fcst 0/14:Neighborhood Probability
2025-11-10 15:51:10,583 | INFO |  GET https://noaa-rrfs-pds.s3.amazonaws.com/rrfs_a/refs.20251110/18/enspost_timelag/refs.t18z.conus.prob.f08.grib2 bytes=7164394-7214014 :: d=2025111018:APCP:surface:7-8 hour acc fcst:prob >12.7:prob fcst 0/14:Neighborhood Probability
2025-11-10 15:51:10,612 | INFO |  GET https://noaa-rrfs-pds.s3.amazonaws.com/rrfs_a/refs.20251110/18/enspost_timelag/refs.t18z.conus.prob.f09.grib2 bytes=6074709-6122778 :: d=2025111018:APCP:surface:8-9 hour acc fcst:prob >12.7:prob fcst 0/14:Neighborhood Probability
2025-11-10 15:51:10,643 | INFO |  GET https://noaa-rrfs-pds.s3.amazonaws.com/rrfs_a/refs.20251110/18/enspost_timelag/refs.t18z.conus.prob.f05.grib2 bytes=32049811-32293579 :: d=2025111018:WIND:10 m above ground:5 hour fcst:prob >10.3:prob fcst 0/14:Neighborhood Probability
2025-11-10 15:51:10,658 | INFO |  GET https://noaa-rrfs-pds.s3.amazonaws.com/rrfs_a/refs.20251110/18/enspost_timelag/refs.t18z.conus.prob.f07.grib2 bytes=7206299-7241852 :: d=2025111018:APCP:surface:6-7 hour acc fcst:prob >25.4:prob fcst 0/14:Neighborhood Probability
2025-11-10 15:51:10,660 | INFO |  GET https://noaa-rrfs-pds.s3.amazonaws.com/rrfs_a/refs.20251110/18/enspost_timelag/refs.t18z.conus.prob.f06.grib2 bytes=6164575-6171113 :: d=2025111018:APCP:surface:5-6 hour acc fcst:prob >50.8:prob fcst 0/14:Neighborhood Probability
2025-11-10 15:51:10,668 | INFO |  GET https://noaa-rrfs-pds.s3.amazonaws.com/rrfs_a/refs.20251110/18/enspost_timelag/refs.t18z.conus.prob.f10.grib2 bytes=3593984-3804010 :: d=2025111018:TMP:2 m above ground:10 hour fcst:prob <273.15:prob fcst 0/14
2025-11-10 15:51:10,718 | INFO |  GET https://noaa-rrfs-pds.s3.amazonaws.com/rrfs_a/refs.20251110/18/enspost_timelag/refs.t18z.conus.prob.f01.grib2 bytes=35134152-35155721 :: d=2025111018:WIND:10 m above ground:1 hour fcst:prob >20.6:prob fcst 0/14:Neighborhood Probability
2025-11-10 15:51:10,736 | INFO |  GET https://noaa-rrfs-pds.s3.amazonaws.com/rrfs_a/refs.20251110/18/enspost_timelag/refs.t18z.conus.prob.f03.grib2 bytes=6540008-6561502 :: d=2025111018:APCP:surface:0-3 hour acc fcst:prob >50.8:prob fcst 0/14:Neighborhood Probability
2025-11-10 15:51:10,820 | INFO |  GET https://noaa-rrfs-pds.s3.amazonaws.com/rrfs_a/refs.20251110/18/enspost_timelag/refs.t18z.conus.prob.f04.grib2 bytes=32841187-32946476 :: d=2025111018:WIND:10 m above ground:4 hour fcst:prob >15.4:prob fcst 0/14:Neighborhood Probability
2025-11-10 15:51:10,857 | INFO |  GET https://noaa-rrfs-pds.s3.amazonaws.com/rrfs_a/refs.20251110/18/enspost_timelag/refs.t18z.conus.prob.f08.grib2 bytes=7214015-7250675 :: d=2025111018:APCP:surface:7-8 hour acc fcst:prob >25.4:prob fcst 0/14:Neighborhood Probability
2025-11-10 15:51:10,864 | INFO |  GET https://noaa-rrfs-pds.s3.amazonaws.com/rrfs_a/refs.20251110/18/enspost_timelag/refs.t18z.conus.prob.f06.grib2 bytes=6171114-6172741 :: d=2025111018:APCP:surface:5-6 hour acc fcst:prob >76.2:prob fcst 0/14:Neighborhood Probability
2025-11-10 15:51:10,866 | INFO |  GET https://noaa-rrfs-pds.s3.amazonaws.com/rrfs_a/refs.20251110/18/enspost_timelag/refs.t18z.conus.prob.f09.grib2 bytes=6122779-6159186 :: d=2025111018:APCP:surface:8-9 hour acc fcst:prob >25.4:prob fcst 0/14:Neighborhood Probability
2025-11-10 15:51:10,880 | INFO |  GET https://noaa-rrfs-pds.s3.amazonaws.com/rrfs_a/refs.20251110/18/enspost_timelag/refs.t18z.conus.prob.f02.grib2 bytes=34259098-34300134 :: d=2025111018:WIND:10 m above ground:2 hour fcst:prob >18.01:prob fcst 0/14:Neighborhood Probability
2025-11-10 15:51:10,890 | INFO |  GET https://noaa-rrfs-pds.s3.amazonaws.com/rrfs_a/refs.20251110/18/enspost_timelag/refs.t18z.conus.prob.f07.grib2 bytes=7241853-7250817 :: d=2025111018:APCP:surface:6-7 hour acc fcst:prob >50.8:prob fcst 0/14:Neighborhood Probability
2025-11-10 15:51:10,912 | INFO |  GET https://noaa-rrfs-pds.s3.amazonaws.com/rrfs_a/refs.20251110/18/enspost_timelag/refs.t18z.conus.prob.f01.grib2 bytes=35155722-35161970 :: d=2025111018:WIND:10 m above ground:1 hour fcst:prob >25.72:prob fcst 0/14:Neighborhood Probability
2025-11-10 15:51:10,913 | INFO |  GET https://noaa-rrfs-pds.s3.amazonaws.com/rrfs_a/refs.20251110/18/enspost_timelag/refs.t18z.conus.prob.f03.grib2 bytes=6561503-6565445 :: d=2025111018:APCP:surface:0-3 hour acc fcst:prob >76.2:prob fcst 0/14:Neighborhood Probability
2025-11-10 15:51:10,924 | INFO |  GET https://noaa-rrfs-pds.s3.amazonaws.com/rrfs_a/refs.20251110/18/enspost_timelag/refs.t18z.conus.prob.f05.grib2 bytes=32293580-32399991 :: d=2025111018:WIND:10 m above ground:5 hour fcst:prob >15.4:prob fcst 0/14:Neighborhood Probability
2025-11-10 15:51:10,963 | INFO |  GET https://noaa-rrfs-pds.s3.amazonaws.com/rrfs_a/refs.20251110/18/enspost_timelag/refs.t18z.conus.prob.f04.grib2 bytes=32946477-32983787 :: d=2025111018:WIND:10 m above ground:4 hour fcst:prob >18.01:prob fcst 0/14:Neighborhood Probability
2025-11-10 15:51:10,996 | INFO |  GET https://noaa-rrfs-pds.s3.amazonaws.com/rrfs_a/refs.20251110/18/enspost_timelag/refs.t18z.conus.prob.f10.grib2 bytes=7163978-7211068 :: d=2025111018:APCP:surface:9-10 hour acc fcst:prob >12.7:prob fcst 0/14:Neighborhood Probability
2025-11-10 15:51:11,038 | INFO |  GET https://noaa-rrfs-pds.s3.amazonaws.com/rrfs_a/refs.20251110/18/enspost_timelag/refs.t18z.conus.prob.f08.grib2 bytes=7250676-7260236 :: d=2025111018:APCP:surface:7-8 hour acc fcst:prob >50.8:prob fcst 0/14:Neighborhood Probability
2025-11-10 15:51:11,208 | INFO |  GET https://noaa-rrfs-pds.s3.amazonaws.com/rrfs_a/refs.20251110/18/enspost_timelag/refs.t18z.conus.prob.f06.grib2 bytes=6172742-6253822 :: d=2025111018:APCP:surface:3-6 hour acc fcst:prob >12.7:prob fcst 0/14:Neighborhood Probability
2025-11-10 15:51:11,231 | INFO |  GET https://noaa-rrfs-pds.s3.amazonaws.com/rrfs_a/refs.20251110/18/enspost_timelag/refs.t18z.conus.prob.f09.grib2 bytes=6159187-6176376 :: d=2025111018:APCP:surface:8-9 hour acc fcst:prob >50.8:prob fcst 0/14:Neighborhood Probability
2025-11-10 15:51:11,299 | INFO |  GET https://noaa-rrfs-pds.s3.amazonaws.com/rrfs_a/refs.20251110/18/enspost_timelag/refs.t18z.conus.prob.f02.grib2 bytes=34300135-34321278 :: d=2025111018:WIND:10 m above ground:2 hour fcst:prob >20.6:prob fcst 0/14:Neighborhood Probability
2025-11-10 15:51:11,436 | INFO |  GET https://noaa-rrfs-pds.s3.amazonaws.com/rrfs_a/refs.20251110/18/enspost_timelag/refs.t18z.conus.prob.f07.grib2 bytes=7250818-7251070 :: d=2025111018:APCP:surface:6-7 hour acc fcst:prob >76.2:prob fcst 0/14:Neighborhood Probability
2025-11-10 15:51:11,546 | INFO |  GET https://noaa-rrfs-pds.s3.amazonaws.com/rrfs_a/refs.20251110/18/enspost_timelag/refs.t18z.conus.prob.f03.grib2 bytes=6565446-6565698 :: d=2025111018:APCP:surface:0-3 hour acc fcst:prob >127:prob fcst 0/14:Neighborhood Probability
2025-11-10 15:51:11,557 | INFO |  GET https://noaa-rrfs-pds.s3.amazonaws.com/rrfs_a/refs.20251110/18/enspost_timelag/refs.t18z.conus.prob.f01.grib2 bytes=35161971-35162567 :: d=2025111018:WIND:10 m above ground:1 hour fcst:prob >30.9:prob fcst 0/14:Neighborhood Probability
2025-11-10 15:51:11,593 | INFO |  GET https://noaa-rrfs-pds.s3.amazonaws.com/rrfs_a/refs.20251110/18/enspost_timelag/refs.t18z.conus.prob.f05.grib2 bytes=32399992-32437716 :: d=2025111018:WIND:10 m above ground:5 hour fcst:prob >18.01:prob fcst 0/14:Neighborhood Probability
2025-11-10 15:51:11,629 | INFO |  GET https://noaa-rrfs-pds.s3.amazonaws.com/rrfs_a/refs.20251110/18/enspost_timelag/refs.t18z.conus.prob.f08.grib2 bytes=7260237-7261973 :: d=2025111018:APCP:surface:7-8 hour acc fcst:prob >76.2:prob fcst 0/14:Neighborhood Probability
2025-11-10 15:51:11,632 | INFO |  GET https://noaa-rrfs-pds.s3.amazonaws.com/rrfs_a/refs.20251110/18/enspost_timelag/refs.t18z.conus.prob.f10.grib2 bytes=7211069-7245389 :: d=2025111018:APCP:surface:9-10 hour acc fcst:prob >25.4:prob fcst 0/14:Neighborhood Probability
2025-11-10 15:51:11,648 | INFO |  GET https://noaa-rrfs-pds.s3.amazonaws.com/rrfs_a/refs.20251110/18/enspost_timelag/refs.t18z.conus.prob.f04.grib2 bytes=32983788-32998156 :: d=2025111018:WIND:10 m above ground:4 hour fcst:prob >20.6:prob fcst 0/14:Neighborhood Probability
2025-11-10 15:51:11,652 | INFO |  GET https://noaa-rrfs-pds.s3.amazonaws.com/rrfs_a/refs.20251110/18/enspost_timelag/refs.t18z.conus.prob.f06.grib2 bytes=6253823-6307927 :: d=2025111018:APCP:surface:3-6 hour acc fcst:prob >25.4:prob fcst 0/14:Neighborhood Probability
2025-11-10 15:51:11,786 | INFO |  GET https://noaa-rrfs-pds.s3.amazonaws.com/rrfs_a/refs.20251110/18/enspost_timelag/refs.t18z.conus.prob.f02.grib2 bytes=34321279-34325373 :: d=2025111018:WIND:10 m above ground:2 hour fcst:prob >25.72:prob fcst 0/14:Neighborhood Probability
2025-11-10 15:51:11,825 | INFO |  GET https://noaa-rrfs-pds.s3.amazonaws.com/rrfs_a/refs.20251110/18/enspost_timelag/refs.t18z.conus.prob.f09.grib2 bytes=6176377-6179563 :: d=2025111018:APCP:surface:8-9 hour acc fcst:prob >76.2:prob fcst 0/14:Neighborhood Probability
2025-11-10 15:51:11,870 | INFO |  GET https://noaa-rrfs-pds.s3.amazonaws.com/rrfs_a/refs.20251110/18/enspost_timelag/refs.t18z.conus.prob.f07.grib2 bytes=31406039-31639631 :: d=2025111018:WIND:10 m above ground:7 hour fcst:prob >10.3:prob fcst 0/14:Neighborhood Probability
2025-11-10 15:51:12,176 | INFO |  GET https://noaa-rrfs-pds.s3.amazonaws.com/rrfs_a/refs.20251110/18/enspost_timelag/refs.t18z.conus.prob.f03.grib2 bytes=33390327-33650747 :: d=2025111018:WIND:10 m above ground:3 hour fcst:prob >10.3:prob fcst 0/14:Neighborhood Probability
2025-11-10 15:51:12,188 | INFO |  GET https://noaa-rrfs-pds.s3.amazonaws.com/rrfs_a/refs.20251110/18/enspost_timelag/refs.t18z.conus.prob.f01.grib2 bytes=35162568-35718693 :: d=2025111018:WIND:80 m above ground:1 hour fcst:prob >10.3:prob fcst 0/14
2025-11-10 15:51:12,227 | INFO |  GET https://noaa-rrfs-pds.s3.amazonaws.com/rrfs_a/refs.20251110/18/enspost_timelag/refs.t18z.conus.prob.f05.grib2 bytes=32437717-32450270 :: d=2025111018:WIND:10 m above ground:5 hour fcst:prob >20.6:prob fcst 0/14:Neighborhood Probability
2025-11-10 15:51:12,236 | INFO |  GET https://noaa-rrfs-pds.s3.amazonaws.com/rrfs_a/refs.20251110/18/enspost_timelag/refs.t18z.conus.prob.f04.grib2 bytes=32998157-33000229 :: d=2025111018:WIND:10 m above ground:4 hour fcst:prob >25.72:prob fcst 0/14:Neighborhood Probability
2025-11-10 15:51:12,239 | INFO |  GET https://noaa-rrfs-pds.s3.amazonaws.com/rrfs_a/refs.20251110/18/enspost_timelag/refs.t18z.conus.prob.f08.grib2 bytes=31322702-31567753 :: d=2025111018:WIND:10 m above ground:8 hour fcst:prob >10.3:prob fcst 0/14:Neighborhood Probability
2025-11-10 15:51:12,245 | INFO |  GET https://noaa-rrfs-pds.s3.amazonaws.com/rrfs_a/refs.20251110/18/enspost_timelag/refs.t18z.conus.prob.f02.grib2 bytes=34325374-34325821 :: d=2025111018:WIND:10 m above ground:2 hour fcst:prob >30.9:prob fcst 0/14:Neighborhood Probability
2025-11-10 15:51:12,251 | INFO |  GET https://noaa-rrfs-pds.s3.amazonaws.com/rrfs_a/refs.20251110/18/enspost_timelag/refs.t18z.conus.prob.f09.grib2 bytes=6179564-6255173 :: d=2025111018:APCP:surface:6-9 hour acc fcst:prob >12.7:prob fcst 0/14:Neighborhood Probability
2025-11-10 15:51:12,254 | INFO |  GET https://noaa-rrfs-pds.s3.amazonaws.com/rrfs_a/refs.20251110/18/enspost_timelag/refs.t18z.conus.prob.f06.grib2 bytes=6307928-6323929 :: d=2025111018:APCP:surface:3-6 hour acc fcst:prob >50.8:prob fcst 0/14:Neighborhood Probability
2025-11-10 15:51:12,255 | INFO |  GET https://noaa-rrfs-pds.s3.amazonaws.com/rrfs_a/refs.20251110/18/enspost_timelag/refs.t18z.conus.prob.f10.grib2 bytes=7245390-7256374 :: d=2025111018:APCP:surface:9-10 hour acc fcst:prob >50.8:prob fcst 0/14:Neighborhood Probability
2025-11-10 15:51:12,356 | INFO |  GET https://noaa-rrfs-pds.s3.amazonaws.com/rrfs_a/refs.20251110/18/enspost_timelag/refs.t18z.conus.prob.f01.grib2 bytes=35718694-35969294 :: d=2025111018:WIND:80 m above ground:1 hour fcst:prob >15.4:prob fcst 0/14
2025-11-10 15:51:12,409 | INFO |  GET https://noaa-rrfs-pds.s3.amazonaws.com/rrfs_a/refs.20251110/18/enspost_timelag/refs.t18z.conus.prob.f07.grib2 bytes=31639632-31744107 :: d=2025111018:WIND:10 m above ground:7 hour fcst:prob >15.4:prob fcst 0/14:Neighborhood Probability
2025-11-10 15:51:12,468 | INFO |  GET https://noaa-rrfs-pds.s3.amazonaws.com/rrfs_a/refs.20251110/18/enspost_timelag/refs.t18z.conus.prob.f03.grib2 bytes=33650748-33755923 :: d=2025111018:WIND:10 m above ground:3 hour fcst:prob >15.4:prob fcst 0/14:Neighborhood Probability
2025-11-10 15:51:12,656 | INFO |  GET https://noaa-rrfs-pds.s3.amazonaws.com/rrfs_a/refs.20251110/18/enspost_timelag/refs.t18z.conus.prob.f05.grib2 bytes=32450271-32451621 :: d=2025111018:WIND:10 m above ground:5 hour fcst:prob >25.72:prob fcst 0/14:Neighborhood Probability
2025-11-10 15:51:12,694 | INFO |  GET https://noaa-rrfs-pds.s3.amazonaws.com/rrfs_a/refs.20251110/18/enspost_timelag/refs.t18z.conus.prob.f04.grib2 bytes=33000230-33000585 :: d=2025111018:WIND:10 m above ground:4 hour fcst:prob >30.9:prob fcst 0/14:Neighborhood Probability
2025-11-10 15:51:12,729 | INFO |  GET https://noaa-rrfs-pds.s3.amazonaws.com/rrfs_a/refs.20251110/18/enspost_timelag/refs.t18z.conus.prob.f02.grib2 bytes=34325822-34886492 :: d=2025111018:WIND:80 m above ground:2 hour fcst:prob >10.3:prob fcst 0/14
2025-11-10 15:51:12,729 | INFO |  GET https://noaa-rrfs-pds.s3.amazonaws.com/rrfs_a/refs.20251110/18/enspost_timelag/refs.t18z.conus.prob.f06.grib2 bytes=6323930-6331859 :: d=2025111018:APCP:surface:3-6 hour acc fcst:prob >76.2:prob fcst 0/14:Neighborhood Probability
2025-11-10 15:51:12,742 | INFO |  GET https://noaa-rrfs-pds.s3.amazonaws.com/rrfs_a/refs.20251110/18/enspost_timelag/refs.t18z.conus.prob.f10.grib2 bytes=7256375-7257367 :: d=2025111018:APCP:surface:9-10 hour acc fcst:prob >76.2:prob fcst 0/14:Neighborhood Probability
2025-11-10 15:51:12,752 | INFO |  GET https://noaa-rrfs-pds.s3.amazonaws.com/rrfs_a/refs.20251110/18/enspost_timelag/refs.t18z.conus.prob.f09.grib2 bytes=6255174-6306134 :: d=2025111018:APCP:surface:6-9 hour acc fcst:prob >25.4:prob fcst 0/14:Neighborhood Probability
2025-11-10 15:51:12,791 | INFO |  GET https://noaa-rrfs-pds.s3.amazonaws.com/rrfs_a/refs.20251110/18/enspost_timelag/refs.t18z.conus.prob.f07.grib2 bytes=31744108-31778483 :: d=2025111018:WIND:10 m above ground:7 hour fcst:prob >18.01:prob fcst 0/14:Neighborhood Probability
2025-11-10 15:51:12,804 | INFO |  GET https://noaa-rrfs-pds.s3.amazonaws.com/rrfs_a/refs.20251110/18/enspost_timelag/refs.t18z.conus.prob.f04.grib2 bytes=33000586-33569663 :: d=2025111018:WIND:80 m above ground:4 hour fcst:prob >10.3:prob fcst 0/14
2025-11-10 15:51:12,804 | INFO |  GET https://noaa-rrfs-pds.s3.amazonaws.com/rrfs_a/refs.20251110/18/enspost_timelag/refs.t18z.conus.prob.f05.grib2 bytes=32451622-32451954 :: d=2025111018:WIND:10 m above ground:5 hour fcst:prob >30.9:prob fcst 0/14:Neighborhood Probability
2025-11-10 15:51:12,806 | INFO |  GET https://noaa-rrfs-pds.s3.amazonaws.com/rrfs_a/refs.20251110/18/enspost_timelag/refs.t18z.conus.prob.f03.grib2 bytes=33755924-33795608 :: d=2025111018:WIND:10 m above ground:3 hour fcst:prob >18.01:prob fcst 0/14:Neighborhood Probability
2025-11-10 15:51:12,807 | INFO |  GET https://noaa-rrfs-pds.s3.amazonaws.com/rrfs_a/refs.20251110/18/enspost_timelag/refs.t18z.conus.prob.f01.grib2 bytes=35969295-36019654 :: d=2025111018:WIND:80 m above ground:1 hour fcst:prob >20.6:prob fcst 0/14
2025-11-10 15:51:12,811 | INFO |  GET https://noaa-rrfs-pds.s3.amazonaws.com/rrfs_a/refs.20251110/18/enspost_timelag/refs.t18z.conus.prob.f08.grib2 bytes=31567754-31669750 :: d=2025111018:WIND:10 m above ground:8 hour fcst:prob >15.4:prob fcst 0/14:Neighborhood Probability
2025-11-10 15:51:13,139 | INFO |  GET https://noaa-rrfs-pds.s3.amazonaws.com/rrfs_a/refs.20251110/18/enspost_timelag/refs.t18z.conus.prob.f06.grib2 bytes=6331860-6332112 :: d=2025111018:APCP:surface:3-6 hour acc fcst:prob >127:prob fcst 0/14:Neighborhood Probability
2025-11-10 15:51:13,213 | INFO |  GET https://noaa-rrfs-pds.s3.amazonaws.com/rrfs_a/refs.20251110/18/enspost_timelag/refs.t18z.conus.prob.f02.grib2 bytes=34886493-35154847 :: d=2025111018:WIND:80 m above ground:2 hour fcst:prob >15.4:prob fcst 0/14
2025-11-10 15:51:13,260 | INFO |  GET https://noaa-rrfs-pds.s3.amazonaws.com/rrfs_a/refs.20251110/18/enspost_timelag/refs.t18z.conus.prob.f10.grib2 bytes=30892901-31145277 :: d=2025111018:WIND:10 m above ground:10 hour fcst:prob >10.3:prob fcst 0/14:Neighborhood Probability
2025-11-10 15:51:13,283 | INFO |  GET https://noaa-rrfs-pds.s3.amazonaws.com/rrfs_a/refs.20251110/18/enspost_timelag/refs.t18z.conus.prob.f09.grib2 bytes=6306135-6335717 :: d=2025111018:APCP:surface:6-9 hour acc fcst:prob >50.8:prob fcst 0/14:Neighborhood Probability
2025-11-10 15:51:13,354 | INFO |  GET https://noaa-rrfs-pds.s3.amazonaws.com/rrfs_a/refs.20251110/18/enspost_timelag/refs.t18z.conus.prob.f05.grib2 bytes=32451955-33024368 :: d=2025111018:WIND:80 m above ground:5 hour fcst:prob >10.3:prob fcst 0/14
2025-11-10 15:51:13,396 | INFO |  GET https://noaa-rrfs-pds.s3.amazonaws.com/rrfs_a/refs.20251110/18/enspost_timelag/refs.t18z.conus.prob.f07.grib2 bytes=31778484-31792796 :: d=2025111018:WIND:10 m above ground:7 hour fcst:prob >20.6:prob fcst 0/14:Neighborhood Probability
2025-11-10 15:51:13,412 | INFO |  GET https://noaa-rrfs-pds.s3.amazonaws.com/rrfs_a/refs.20251110/18/enspost_timelag/refs.t18z.conus.prob.f08.grib2 bytes=31669751-31704923 :: d=2025111018:WIND:10 m above ground:8 hour fcst:prob >18.01:prob fcst 0/14:Neighborhood Probability
2025-11-10 15:51:13,454 | INFO |  GET https://noaa-rrfs-pds.s3.amazonaws.com/rrfs_a/refs.20251110/18/enspost_timelag/refs.t18z.conus.prob.f01.grib2 bytes=36019655-36580156 :: d=2025111018:WIND:850 mb:1 hour fcst:prob >10.3:prob fcst 0/14
2025-11-10 15:51:13,456 | INFO |  GET https://noaa-rrfs-pds.s3.amazonaws.com/rrfs_a/refs.20251110/18/enspost_timelag/refs.t18z.conus.prob.f03.grib2 bytes=33795609-33813783 :: d=2025111018:WIND:10 m above ground:3 hour fcst:prob >20.6:prob fcst 0/14:Neighborhood Probability
2025-11-10 15:51:13,467 | INFO |  GET https://noaa-rrfs-pds.s3.amazonaws.com/rrfs_a/refs.20251110/18/enspost_timelag/refs.t18z.conus.prob.f04.grib2 bytes=33569664-33838269 :: d=2025111018:WIND:80 m above ground:4 hour fcst:prob >15.4:prob fcst 0/14
2025-11-10 15:51:13,582 | INFO |  GET https://noaa-rrfs-pds.s3.amazonaws.com/rrfs_a/refs.20251110/18/enspost_timelag/refs.t18z.conus.prob.f06.grib2 bytes=6332113-6436959 :: d=2025111018:APCP:surface:0-6 hour acc fcst:prob >12.7:prob fcst 0/14:Neighborhood Probability
2025-11-10 15:51:13,801 | INFO |  GET https://noaa-rrfs-pds.s3.amazonaws.com/rrfs_a/refs.20251110/18/enspost_timelag/refs.t18z.conus.prob.f02.grib2 bytes=35154848-35207746 :: d=2025111018:WIND:80 m above ground:2 hour fcst:prob >20.6:prob fcst 0/14
2025-11-10 15:51:13,977 | INFO |  GET https://noaa-rrfs-pds.s3.amazonaws.com/rrfs_a/refs.20251110/18/enspost_timelag/refs.t18z.conus.prob.f10.grib2 bytes=31145278-31252815 :: d=2025111018:WIND:10 m above ground:10 hour fcst:prob >15.4:prob fcst 0/14:Neighborhood Probability
2025-11-10 15:51:13,978 | INFO |  GET https://noaa-rrfs-pds.s3.amazonaws.com/rrfs_a/refs.20251110/18/enspost_timelag/refs.t18z.conus.prob.f09.grib2 bytes=6335718-6345644 :: d=2025111018:APCP:surface:6-9 hour acc fcst:prob >76.2:prob fcst 0/14:Neighborhood Probability
2025-11-10 15:51:13,982 | INFO |  GET https://noaa-rrfs-pds.s3.amazonaws.com/rrfs_a/refs.20251110/18/enspost_timelag/refs.t18z.conus.prob.f07.grib2 bytes=31792797-31794263 :: d=2025111018:WIND:10 m above ground:7 hour fcst:prob >25.72:prob fcst 0/14:Neighborhood Probability
2025-11-10 15:51:13,989 | INFO |  GET https://noaa-rrfs-pds.s3.amazonaws.com/rrfs_a/refs.20251110/18/enspost_timelag/refs.t18z.conus.prob.f03.grib2 bytes=33813784-33816321 :: d=2025111018:WIND:10 m above ground:3 hour fcst:prob >25.72:prob fcst 0/14:Neighborhood Probability
2025-11-10 15:51:14,013 | INFO |  GET https://noaa-rrfs-pds.s3.amazonaws.com/rrfs_a/refs.20251110/18/enspost_timelag/refs.t18z.conus.prob.f08.grib2 bytes=31704924-31719860 :: d=2025111018:WIND:10 m above ground:8 hour fcst:prob >20.6:prob fcst 0/14:Neighborhood Probability
2025-11-10 15:51:14,067 | INFO |  GET https://noaa-rrfs-pds.s3.amazonaws.com/rrfs_a/refs.20251110/18/enspost_timelag/refs.t18z.conus.prob.f01.grib2 bytes=36580157-36755997 :: d=2025111018:WIND:850 mb:1 hour fcst:prob >20.6:prob fcst 0/14
2025-11-10 15:51:14,075 | INFO |  GET https://noaa-rrfs-pds.s3.amazonaws.com/rrfs_a/refs.20251110/18/enspost_timelag/refs.t18z.conus.prob.f04.grib2 bytes=33838270-33885411 :: d=2025111018:WIND:80 m above ground:4 hour fcst:prob >20.6:prob fcst 0/14
2025-11-10 15:51:14,086 | INFO |  GET https://noaa-rrfs-pds.s3.amazonaws.com/rrfs_a/refs.20251110/18/enspost_timelag/refs.t18z.conus.prob.f06.grib2 bytes=6436960-6514860 :: d=2025111018:APCP:surface:0-6 hour acc fcst:prob >25.4:prob fcst 0/14:Neighborhood Probability
2025-11-10 15:51:14,111 | INFO |  GET https://noaa-rrfs-pds.s3.amazonaws.com/rrfs_a/refs.20251110/18/enspost_timelag/refs.t18z.conus.prob.f02.grib2 bytes=35207747-35750296 :: d=2025111018:WIND:850 mb:2 hour fcst:prob >10.3:prob fcst 0/14
2025-11-10 15:51:14,138 | INFO |  GET https://noaa-rrfs-pds.s3.amazonaws.com/rrfs_a/refs.20251110/18/enspost_timelag/refs.t18z.conus.prob.f05.grib2 bytes=33024369-33289984 :: d=2025111018:WIND:80 m above ground:5 hour fcst:prob >15.4:prob fcst 0/14
