2025-10-09 16:05:28 [INFO] Fetching HREF Run: 20251009 at 18Z
2025-10-09 16:05:28 [INFO] Forecast Hours: 1-48 (total 48 files)
2025-10-09 16:05:28 [INFO] Starting downloads with 10 threads...
2025-10-09 16:05:28 [INFO] [1/10] Downloading href.t18z.conus.prob.f01.grib2
2025-10-09 16:05:28 [INFO] [1/10] Downloading href.t18z.conus.prob.f02.grib2
2025-10-09 16:05:28 [INFO] [1/10] Downloading href.t18z.conus.prob.f03.grib2
2025-10-09 16:05:28 [INFO] [1/10] Downloading href.t18z.conus.prob.f04.grib2
2025-10-09 16:05:28 [INFO] [1/10] Downloading href.t18z.conus.prob.f05.grib2
2025-10-09 16:05:28 [INFO] [1/10] Downloading href.t18z.conus.prob.f06.grib2
2025-10-09 16:05:28 [INFO] [1/10] Downloading href.t18z.conus.prob.f07.grib2
2025-10-09 16:05:28 [INFO] [1/10] Downloading href.t18z.conus.prob.f09.grib2
2025-10-09 16:05:28 [INFO] [1/10] Downloading href.t18z.conus.prob.f08.grib2
2025-10-09 16:05:28 [INFO] [1/10] Downloading href.t18z.conus.prob.f10.grib2
2025-10-09 16:05:28 [WARNING] Attempt 1 failed for href.t18z.conus.prob.f06.grib2: 404 Client Error: Not Found
2025-10-09 16:05:28 [WARNING] Attempt 1 failed for href.t18z.conus.prob.f05.grib2: 404 Client Error: Not Found
2025-10-09 16:05:28 [WARNING] Attempt 1 failed for href.t18z.conus.prob.f09.grib2: 404 Client Error: Not Found
2025-10-09 16:05:28 [INFO] Retrying in 10 seconds...
2025-10-09 16:05:28 [WARNING] Attempt 1 failed for href.t18z.conus.prob.f02.grib2: 404 Client Error: Not Found
2025-10-09 16:05:28 [INFO] Retrying in 10 seconds...
2025-10-09 16:05:28 [INFO] Retrying in 10 seconds...
2025-10-09 16:05:28 [INFO] Retrying in 10 seconds...
2025-10-09 16:05:28 [WARNING] Attempt 1 failed for href.t18z.conus.prob.f04.grib2: 404 Client Error: Not Found
2025-10-09 16:05:28 [INFO] Retrying in 10 seconds...
2025-10-09 16:05:28 [WARNING] Attempt 1 failed for href.t18z.conus.prob.f01.grib2: 404 Client Error: Not Found
2025-10-09 16:05:28 [INFO] Retrying in 10 seconds...
2025-10-09 16:05:28 [WARNING] Attempt 1 failed for href.t18z.conus.prob.f07.grib2: 404 Client Error: Not Found
2025-10-09 16:05:28 [INFO] Retrying in 10 seconds...
2025-10-09 16:05:28 [WARNING] Attempt 1 failed for href.t18z.conus.prob.f10.grib2: 404 Client Error: Not Found
2025-10-09 16:05:28 [INFO] Retrying in 10 seconds...
2025-10-09 16:05:28 [WARNING] Attempt 1 failed for href.t18z.conus.prob.f03.grib2: 404 Client Error: Not Found
2025-10-09 16:05:28 [INFO] Retrying in 10 seconds...
2025-10-09 16:05:28 [WARNING] Attempt 1 failed for href.t18z.conus.prob.f08.grib2: 404 Client Error: Not Found
2025-10-09 16:05:28 [INFO] Retrying in 10 seconds...
2025-10-09 16:05:38 [INFO] [1/10] Downloading href.t18z.conus.prob.f11.grib2
2025-10-09 16:05:38 [INFO] [1/10] Downloading href.t18z.conus.prob.f12.grib2
2025-10-09 16:05:38 [INFO] [1/10] Downloading href.t18z.conus.prob.f14.grib2
2025-10-09 16:05:38 [INFO] [1/10] Downloading href.t18z.conus.prob.f15.grib2
2025-10-09 16:05:38 [INFO] [1/10] Downloading href.t18z.conus.prob.f13.grib2
2025-10-09 16:05:38 [INFO] [1/10] Downloading href.t18z.conus.prob.f16.grib2
2025-10-09 16:05:38 [INFO] [1/10] Downloading href.t18z.conus.prob.f17.grib2
2025-10-09 16:05:38 [INFO] [1/10] Downloading href.t18z.conus.prob.f18.grib2
2025-10-09 16:05:38 [INFO] [1/10] Downloading href.t18z.conus.prob.f19.grib2
2025-10-09 16:05:38 [INFO] [1/10] Downloading href.t18z.conus.prob.f20.grib2
2025-10-09 16:05:39 [WARNING] Attempt 1 failed for href.t18z.conus.prob.f13.grib2: 404 Client Error: Not Found
2025-10-09 16:05:39 [INFO] Retrying in 10 seconds...
2025-10-09 16:05:39 [WARNING] Attempt 1 failed for href.t18z.conus.prob.f16.grib2: 404 Client Error: Not Found
2025-10-09 16:05:39 [INFO] Retrying in 10 seconds...
2025-10-09 16:05:39 [WARNING] Attempt 1 failed for href.t18z.conus.prob.f15.grib2: 404 Client Error: Not Found
2025-10-09 16:05:39 [INFO] Retrying in 10 seconds...
2025-10-09 16:05:39 [WARNING] Attempt 1 failed for href.t18z.conus.prob.f12.grib2: 404 Client Error: Not Found
2025-10-09 16:05:39 [WARNING] Attempt 1 failed for href.t18z.conus.prob.f20.grib2: 404 Client Error: Not Found
2025-10-09 16:05:39 [WARNING] Attempt 1 failed for href.t18z.conus.prob.f14.grib2: 404 Client Error: Not Found
2025-10-09 16:05:39 [WARNING] Attempt 1 failed for href.t18z.conus.prob.f18.grib2: 404 Client Error: Not Found
2025-10-09 16:05:39 [INFO] Retrying in 10 seconds...
2025-10-09 16:05:39 [WARNING] Attempt 1 failed for href.t18z.conus.prob.f11.grib2: 404 Client Error: Not Found
2025-10-09 16:05:39 [WARNING] Attempt 1 failed for href.t18z.conus.prob.f17.grib2: 404 Client Error: Not Found
2025-10-09 16:05:39 [WARNING] Attempt 1 failed for href.t18z.conus.prob.f19.grib2: 404 Client Error: Not Found
2025-10-09 16:05:39 [INFO] Retrying in 10 seconds...
2025-10-09 16:05:39 [INFO] Retrying in 10 seconds...
2025-10-09 16:05:39 [INFO] Retrying in 10 seconds...
2025-10-09 16:05:39 [INFO] Retrying in 10 seconds...
2025-10-09 16:05:39 [INFO] Retrying in 10 seconds...
2025-10-09 16:05:39 [INFO] Retrying in 10 seconds...
2025-10-09 16:05:49 [INFO] [1/10] Downloading href.t18z.conus.prob.f21.grib2
2025-10-09 16:05:49 [INFO] [1/10] Downloading href.t18z.conus.prob.f22.grib2
2025-10-09 16:05:49 [INFO] [1/10] Downloading href.t18z.conus.prob.f23.grib2
2025-10-09 16:05:49 [INFO] [1/10] Downloading href.t18z.conus.prob.f24.grib2
2025-10-09 16:05:49 [INFO] [1/10] Downloading href.t18z.conus.prob.f25.grib2
2025-10-09 16:05:49 [INFO] [1/10] Downloading href.t18z.conus.prob.f26.grib2
2025-10-09 16:05:49 [INFO] [1/10] Downloading href.t18z.conus.prob.f27.grib2
2025-10-09 16:05:49 [INFO] [1/10] Downloading href.t18z.conus.prob.f28.grib2
2025-10-09 16:05:49 [INFO] [1/10] Downloading href.t18z.conus.prob.f29.grib2
2025-10-09 16:05:49 [INFO] [1/10] Downloading href.t18z.conus.prob.f30.grib2
2025-10-09 16:05:49 [WARNING] Attempt 1 failed for href.t18z.conus.prob.f21.grib2: 404 Client Error: Not Found
2025-10-09 16:05:49 [INFO] Retrying in 10 seconds...
2025-10-09 16:05:49 [WARNING] Attempt 1 failed for href.t18z.conus.prob.f30.grib2: 404 Client Error: Not Found
2025-10-09 16:05:49 [INFO] Retrying in 10 seconds...
2025-10-09 16:05:49 [WARNING] Attempt 1 failed for href.t18z.conus.prob.f22.grib2: 404 Client Error: Not Found
2025-10-09 16:05:49 [INFO] Retrying in 10 seconds...
2025-10-09 16:05:49 [WARNING] Attempt 1 failed for href.t18z.conus.prob.f23.grib2: 404 Client Error: Not Found
2025-10-09 16:05:49 [INFO] Retrying in 10 seconds...
2025-10-09 16:05:49 [WARNING] Attempt 1 failed for href.t18z.conus.prob.f24.grib2: 404 Client Error: Not Found
2025-10-09 16:05:49 [INFO] Retrying in 10 seconds...
2025-10-09 16:05:49 [WARNING] Attempt 1 failed for href.t18z.conus.prob.f29.grib2: 404 Client Error: Not Found
2025-10-09 16:05:49 [INFO] Retrying in 10 seconds...
2025-10-09 16:05:49 [WARNING] Attempt 1 failed for href.t18z.conus.prob.f27.grib2: 404 Client Error: Not Found
2025-10-09 16:05:49 [WARNING] Attempt 1 failed for href.t18z.conus.prob.f25.grib2: 404 Client Error: Not Found
2025-10-09 16:05:49 [INFO] Retrying in 10 seconds...
2025-10-09 16:05:49 [INFO] Retrying in 10 seconds...
2025-10-09 16:05:49 [WARNING] Attempt 1 failed for href.t18z.conus.prob.f26.grib2: 404 Client Error: Not Found
2025-10-09 16:05:49 [INFO] Retrying in 10 seconds...
2025-10-09 16:05:49 [WARNING] Attempt 1 failed for href.t18z.conus.prob.f28.grib2: 404 Client Error: Not Found
2025-10-09 16:05:49 [INFO] Retrying in 10 seconds...
2025-10-09 16:05:59 [INFO] [1/10] Downloading href.t18z.conus.prob.f31.grib2
2025-10-09 16:05:59 [INFO] [1/10] Downloading href.t18z.conus.prob.f32.grib2
2025-10-09 16:05:59 [INFO] [1/10] Downloading href.t18z.conus.prob.f33.grib2
2025-10-09 16:05:59 [INFO] [1/10] Downloading href.t18z.conus.prob.f34.grib2
2025-10-09 16:05:59 [INFO] [1/10] Downloading href.t18z.conus.prob.f35.grib2
2025-10-09 16:05:59 [INFO] [1/10] Downloading href.t18z.conus.prob.f36.grib2
2025-10-09 16:05:59 [INFO] [1/10] Downloading href.t18z.conus.prob.f37.grib2
2025-10-09 16:05:59 [INFO] [1/10] Downloading href.t18z.conus.prob.f38.grib2
2025-10-09 16:05:59 [INFO] [1/10] Downloading href.t18z.conus.prob.f39.grib2
2025-10-09 16:05:59 [INFO] [1/10] Downloading href.t18z.conus.prob.f40.grib2
2025-10-09 16:05:59 [WARNING] Attempt 1 failed for href.t18z.conus.prob.f35.grib2: 404 Client Error: Not Found
2025-10-09 16:05:59 [WARNING] Attempt 1 failed for href.t18z.conus.prob.f33.grib2: 404 Client Error: Not Found
2025-10-09 16:05:59 [INFO] Retrying in 10 seconds...
2025-10-09 16:05:59 [INFO] Retrying in 10 seconds...
2025-10-09 16:06:00 [WARNING] Attempt 1 failed for href.t18z.conus.prob.f32.grib2: 404 Client Error: Not Found
2025-10-09 16:06:00 [WARNING] Attempt 1 failed for href.t18z.conus.prob.f31.grib2: 404 Client Error: Not Found
2025-10-09 16:06:00 [INFO] Retrying in 10 seconds...
2025-10-09 16:06:00 [INFO] Retrying in 10 seconds...
2025-10-09 16:06:00 [WARNING] Attempt 1 failed for href.t18z.conus.prob.f38.grib2: 404 Client Error: Not Found
2025-10-09 16:06:00 [INFO] Retrying in 10 seconds...
2025-10-09 16:06:00 [WARNING] Attempt 1 failed for href.t18z.conus.prob.f40.grib2: 404 Client Error: Not Found
2025-10-09 16:06:00 [INFO] Retrying in 10 seconds...
2025-10-09 16:06:00 [WARNING] Attempt 1 failed for href.t18z.conus.prob.f36.grib2: 404 Client Error: Not Found
2025-10-09 16:06:00 [WARNING] Attempt 1 failed for href.t18z.conus.prob.f39.grib2: 404 Client Error: Not Found
2025-10-09 16:06:00 [INFO] Retrying in 10 seconds...
2025-10-09 16:06:00 [INFO] Retrying in 10 seconds...
2025-10-09 16:06:00 [WARNING] Attempt 1 failed for href.t18z.conus.prob.f37.grib2: 404 Client Error: Not Found
2025-10-09 16:06:00 [INFO] Retrying in 10 seconds...
2025-10-09 16:06:00 [WARNING] Attempt 1 failed for href.t18z.conus.prob.f34.grib2: 404 Client Error: Not Found
2025-10-09 16:06:00 [INFO] Retrying in 10 seconds...
2025-10-09 16:06:09 [INFO] [1/10] Downloading href.t18z.conus.prob.f41.grib2
2025-10-09 16:06:09 [INFO] [1/10] Downloading href.t18z.conus.prob.f42.grib2
2025-10-09 16:06:10 [INFO] [1/10] Downloading href.t18z.conus.prob.f43.grib2
2025-10-09 16:06:10 [INFO] [1/10] Downloading href.t18z.conus.prob.f44.grib2
2025-10-09 16:06:10 [INFO] [1/10] Downloading href.t18z.conus.prob.f45.grib2
2025-10-09 16:06:10 [INFO] [1/10] Downloading href.t18z.conus.prob.f46.grib2
2025-10-09 16:06:10 [INFO] [1/10] Downloading href.t18z.conus.prob.f47.grib2
2025-10-09 16:06:10 [INFO] [1/10] Downloading href.t18z.conus.prob.f48.grib2
2025-10-09 16:06:10 [WARNING] Attempt 1 failed for href.t18z.conus.prob.f43.grib2: 404 Client Error: Not Found
2025-10-09 16:06:10 [WARNING] Attempt 1 failed for href.t18z.conus.prob.f46.grib2: 404 Client Error: Not Found
2025-10-09 16:06:10 [INFO] Retrying in 10 seconds...
2025-10-09 16:06:10 [WARNING] Attempt 1 failed for href.t18z.conus.prob.f42.grib2: 404 Client Error: Not Found
2025-10-09 16:06:10 [INFO] Retrying in 10 seconds...
2025-10-09 16:06:10 [INFO] Retrying in 10 seconds...
2025-10-09 16:06:10 [WARNING] Attempt 1 failed for href.t18z.conus.prob.f44.grib2: 404 Client Error: Not Found
2025-10-09 16:06:10 [WARNING] Attempt 1 failed for href.t18z.conus.prob.f45.grib2: 404 Client Error: Not Found
2025-10-09 16:06:10 [WARNING] Attempt 1 failed for href.t18z.conus.prob.f48.grib2: 404 Client Error: Not Found
2025-10-09 16:06:10 [INFO] Retrying in 10 seconds...
2025-10-09 16:06:10 [INFO] Retrying in 10 seconds...
2025-10-09 16:06:10 [INFO] Retrying in 10 seconds...
2025-10-09 16:06:10 [WARNING] Attempt 1 failed for href.t18z.conus.prob.f41.grib2: 404 Client Error: Not Found
2025-10-09 16:06:10 [INFO] Retrying in 10 seconds...
2025-10-09 16:06:10 [WARNING] Attempt 1 failed for href.t18z.conus.prob.f47.grib2: 404 Client Error: Not Found
2025-10-09 16:06:10 [INFO] Retrying in 10 seconds...
2025-10-09 16:06:20 [INFO] Downloads finished: 0/48 succeeded.
2025-10-09 16:06:20 [WARNING] The following files failed after retries:
2025-10-09 16:06:20 [ERROR]  - href.t18z.conus.prob.f06.grib2
2025-10-09 16:06:20 [ERROR]  - href.t18z.conus.prob.f05.grib2
2025-10-09 16:06:20 [ERROR]  - href.t18z.conus.prob.f04.grib2
2025-10-09 16:06:20 [ERROR]  - href.t18z.conus.prob.f02.grib2
2025-10-09 16:06:20 [ERROR]  - href.t18z.conus.prob.f09.grib2
2025-10-09 16:06:20 [ERROR]  - href.t18z.conus.prob.f07.grib2
2025-10-09 16:06:20 [ERROR]  - href.t18z.conus.prob.f01.grib2
2025-10-09 16:06:20 [ERROR]  - href.t18z.conus.prob.f10.grib2
2025-10-09 16:06:20 [ERROR]  - href.t18z.conus.prob.f03.grib2
2025-10-09 16:06:20 [ERROR]  - href.t18z.conus.prob.f08.grib2
2025-10-09 16:06:20 [ERROR]  - href.t18z.conus.prob.f13.grib2
2025-10-09 16:06:20 [ERROR]  - href.t18z.conus.prob.f16.grib2
2025-10-09 16:06:20 [ERROR]  - href.t18z.conus.prob.f15.grib2
2025-10-09 16:06:20 [ERROR]  - href.t18z.conus.prob.f18.grib2
2025-10-09 16:06:20 [ERROR]  - href.t18z.conus.prob.f17.grib2
2025-10-09 16:06:20 [ERROR]  - href.t18z.conus.prob.f14.grib2
2025-10-09 16:06:20 [ERROR]  - href.t18z.conus.prob.f12.grib2
2025-10-09 16:06:20 [ERROR]  - href.t18z.conus.prob.f19.grib2
2025-10-09 16:06:20 [ERROR]  - href.t18z.conus.prob.f11.grib2
2025-10-09 16:06:20 [ERROR]  - href.t18z.conus.prob.f20.grib2
2025-10-09 16:06:20 [ERROR]  - href.t18z.conus.prob.f21.grib2
2025-10-09 16:06:20 [ERROR]  - href.t18z.conus.prob.f30.grib2
2025-10-09 16:06:20 [ERROR]  - href.t18z.conus.prob.f22.grib2
2025-10-09 16:06:20 [ERROR]  - href.t18z.conus.prob.f23.grib2
2025-10-09 16:06:20 [ERROR]  - href.t18z.conus.prob.f24.grib2
2025-10-09 16:06:20 [ERROR]  - href.t18z.conus.prob.f25.grib2
2025-10-09 16:06:20 [ERROR]  - href.t18z.conus.prob.f29.grib2
2025-10-09 16:06:20 [ERROR]  - href.t18z.conus.prob.f27.grib2
2025-10-09 16:06:20 [ERROR]  - href.t18z.conus.prob.f26.grib2
2025-10-09 16:06:20 [ERROR]  - href.t18z.conus.prob.f28.grib2
2025-10-09 16:06:20 [ERROR]  - href.t18z.conus.prob.f35.grib2
2025-10-09 16:06:20 [ERROR]  - href.t18z.conus.prob.f33.grib2
2025-10-09 16:06:20 [ERROR]  - href.t18z.conus.prob.f31.grib2
2025-10-09 16:06:20 [ERROR]  - href.t18z.conus.prob.f32.grib2
2025-10-09 16:06:20 [ERROR]  - href.t18z.conus.prob.f38.grib2
2025-10-09 16:06:20 [ERROR]  - href.t18z.conus.prob.f40.grib2
2025-10-09 16:06:20 [ERROR]  - href.t18z.conus.prob.f39.grib2
2025-10-09 16:06:20 [ERROR]  - href.t18z.conus.prob.f36.grib2
2025-10-09 16:06:20 [ERROR]  - href.t18z.conus.prob.f37.grib2
2025-10-09 16:06:20 [ERROR]  - href.t18z.conus.prob.f34.grib2
2025-10-09 16:06:20 [ERROR]  - href.t18z.conus.prob.f46.grib2
2025-10-09 16:06:20 [ERROR]  - href.t18z.conus.prob.f42.grib2
2025-10-09 16:06:20 [ERROR]  - href.t18z.conus.prob.f43.grib2
2025-10-09 16:06:20 [ERROR]  - href.t18z.conus.prob.f45.grib2
2025-10-09 16:06:20 [ERROR]  - href.t18z.conus.prob.f44.grib2
2025-10-09 16:06:20 [ERROR]  - href.t18z.conus.prob.f48.grib2
2025-10-09 16:06:20 [ERROR]  - href.t18z.conus.prob.f41.grib2
2025-10-09 16:06:20 [ERROR]  - href.t18z.conus.prob.f47.grib2
