2025-11-10 15:51:07,608 | INFO | Fetching HREF Run: 20251110 at 18Z
2025-11-10 15:51:07,608 | INFO | Forecast Hours: 1-48 (total 48 files)
2025-11-10 15:51:07,608 | INFO | Starting downloads with 10 threads...
2025-11-10 15:51:07,609 | INFO | [1/5] Downloading href.t18z.conus.prob.f01.grib2
2025-11-10 15:51:07,609 | INFO | [1/5] Downloading href.t18z.conus.prob.f02.grib2
2025-11-10 15:51:07,609 | INFO | [1/5] Downloading href.t18z.conus.prob.f03.grib2
2025-11-10 15:51:07,610 | INFO | [1/5] Downloading href.t18z.conus.prob.f04.grib2
2025-11-10 15:51:07,610 | INFO | [1/5] Downloading href.t18z.conus.prob.f05.grib2
2025-11-10 15:51:07,610 | INFO | [1/5] Downloading href.t18z.conus.prob.f06.grib2
2025-11-10 15:51:07,610 | INFO | [1/5] Downloading href.t18z.conus.prob.f07.grib2
2025-11-10 15:51:07,610 | INFO | [1/5] Downloading href.t18z.conus.prob.f08.grib2
2025-11-10 15:51:07,611 | INFO | [1/5] Downloading href.t18z.conus.prob.f09.grib2
2025-11-10 15:51:07,611 | INFO | [1/5] Downloading href.t18z.conus.prob.f10.grib2
2025-11-10 15:51:10,729 | INFO | Downloaded href.t18z.conus.prob.f08.grib2 successfully (2190453 bytes)
2025-11-10 15:51:10,730 | INFO | [1/5] Downloading href.t18z.conus.prob.f11.grib2
2025-11-10 15:51:10,894 | INFO | Downloaded href.t18z.conus.prob.f02.grib2 successfully (2251668 bytes)
2025-11-10 15:51:10,895 | INFO | [1/5] Downloading href.t18z.conus.prob.f12.grib2
2025-11-10 15:51:10,952 | INFO | Downloaded href.t18z.conus.prob.f05.grib2 successfully (2361855 bytes)
2025-11-10 15:51:10,962 | INFO | [1/5] Downloading href.t18z.conus.prob.f13.grib2
2025-11-10 15:51:11,002 | INFO | Downloaded href.t18z.conus.prob.f01.grib2 successfully (2276154 bytes)
2025-11-10 15:51:11,004 | INFO | [1/5] Downloading href.t18z.conus.prob.f14.grib2
2025-11-10 15:51:11,343 | INFO | Downloaded href.t18z.conus.prob.f09.grib2 successfully (2365680 bytes)
2025-11-10 15:51:11,344 | INFO | [1/5] Downloading href.t18z.conus.prob.f15.grib2
2025-11-10 15:51:11,398 | INFO | Downloaded href.t18z.conus.prob.f10.grib2 successfully (2361855 bytes)
2025-11-10 15:51:11,400 | INFO | [1/5] Downloading href.t18z.conus.prob.f16.grib2
2025-11-10 15:51:11,492 | INFO | Downloaded href.t18z.conus.prob.f07.grib2 successfully (2202696 bytes)
2025-11-10 15:51:11,496 | INFO | [1/5] Downloading href.t18z.conus.prob.f17.grib2
2025-11-10 15:51:11,694 | INFO | Downloaded href.t18z.conus.prob.f04.grib2 successfully (2300640 bytes)
2025-11-10 15:51:11,696 | INFO | [1/5] Downloading href.t18z.conus.prob.f18.grib2
2025-11-10 15:51:12,256 | INFO | Downloaded href.t18z.conus.prob.f03.grib2 successfully (2216739 bytes)
2025-11-10 15:51:12,258 | INFO | [1/5] Downloading href.t18z.conus.prob.f19.grib2
2025-11-10 15:51:12,481 | INFO | Downloaded href.t18z.conus.prob.f06.grib2 successfully (2635026 bytes)
2025-11-10 15:51:12,482 | INFO | [1/5] Downloading href.t18z.conus.prob.f20.grib2
2025-11-10 15:51:14,016 | INFO | Downloaded href.t18z.conus.prob.f11.grib2 successfully (2031294 bytes)
2025-11-10 15:51:14,018 | INFO | [1/5] Downloading href.t18z.conus.prob.f21.grib2
